Using pre-set license
Built from '2022.3/staging' branch; Version is '2022.3.16f1 (d2c21f0ef2f1) revision 13812255'; Using compiler version '192829333'; Build Type 'Release'
OS: 'Windows 11  (10.0.22621) 64bit CoreSingleLanguage' Language: 'en' Physical Memory: 8023 MB
BatchMode: 1, IsHumanControllingUs: 0, StartBugReporterOnCrash: 0, Is64bit: 1, IsPro: 1

COMMAND LINE ARGUMENTS:
D:\2022.3.16f1\Editor\Unity.exe
-adb2
-batchMode
-noUpm
-name
AssetImportWorker2
-projectPath
D:/FPT_SE/KI7/PRU212/11_ZombieHunter_FnProject
-logFile
Logs/AssetImportWorker2.log
-srvPort
51415
Successfully changed project path to: D:/FPT_SE/KI7/PRU212/11_ZombieHunter_FnProject
D:/FPT_SE/KI7/PRU212/11_ZombieHunter_FnProject
[UnityMemory] Configuration Parameters - Can be set up in boot.config
    "memorysetup-bucket-allocator-granularity=16"
    "memorysetup-bucket-allocator-bucket-count=8"
    "memorysetup-bucket-allocator-block-size=33554432"
    "memorysetup-bucket-allocator-block-count=8"
    "memorysetup-main-allocator-block-size=16777216"
    "memorysetup-thread-allocator-block-size=16777216"
    "memorysetup-gfx-main-allocator-block-size=16777216"
    "memorysetup-gfx-thread-allocator-block-size=16777216"
    "memorysetup-cache-allocator-block-size=4194304"
    "memorysetup-typetree-allocator-block-size=2097152"
    "memorysetup-profiler-bucket-allocator-granularity=16"
    "memorysetup-profiler-bucket-allocator-bucket-count=8"
    "memorysetup-profiler-bucket-allocator-block-size=33554432"
    "memorysetup-profiler-bucket-allocator-block-count=8"
    "memorysetup-profiler-allocator-block-size=16777216"
    "memorysetup-profiler-editor-allocator-block-size=1048576"
    "memorysetup-temp-allocator-size-main=16777216"
    "memorysetup-job-temp-allocator-block-size=2097152"
    "memorysetup-job-temp-allocator-block-size-background=1048576"
    "memorysetup-job-temp-allocator-reduction-small-platforms=262144"
    "memorysetup-allocator-temp-initial-block-size-main=262144"
    "memorysetup-allocator-temp-initial-block-size-worker=262144"
    "memorysetup-temp-allocator-size-background-worker=32768"
    "memorysetup-temp-allocator-size-job-worker=262144"
    "memorysetup-temp-allocator-size-preload-manager=33554432"
    "memorysetup-temp-allocator-size-nav-mesh-worker=65536"
    "memorysetup-temp-allocator-size-audio-worker=65536"
    "memorysetup-temp-allocator-size-cloud-worker=32768"
    "memorysetup-temp-allocator-size-gi-baking-worker=262144"
    "memorysetup-temp-allocator-size-gfx=262144"
Player connection [9456] Host "[IP] 172.18.0.1 [Port] 0 [Flags] 2 [Guid] 3048157622 [EditorId] 3048157622 [Version] 1048832 [Id] WindowsEditor(7,LAPTOP-MT1VCNOP) [Debug] 1 [PackageName] WindowsEditor [ProjectName] Editor" joined multi-casting on [225.0.0.222:54997]...

Player connection [9456] Host "[IP] 172.18.0.1 [Port] 0 [Flags] 2 [Guid] 3048157622 [EditorId] 3048157622 [Version] 1048832 [Id] WindowsEditor(7,LAPTOP-MT1VCNOP) [Debug] 1 [PackageName] WindowsEditor [ProjectName] Editor" joined alternative multi-casting on [225.0.0.222:34997]...

[Physics::Module] Initialized MultithreadedJobDispatcher with 11 workers.
Refreshing native plugins compatible for Editor in 33.89 ms, found 3 plugins.
Preloading 0 native plugins for Editor in 0.00 ms.
Initialize engine version: 2022.3.16f1 (d2c21f0ef2f1)
[Subsystems] Discovering subsystems at path D:/2022.3.16f1/Editor/Data/Resources/UnitySubsystems
[Subsystems] Discovering subsystems at path D:/FPT_SE/KI7/PRU212/11_ZombieHunter_FnProject/Assets
GfxDevice: creating device client; threaded=0; jobified=0
Direct3D:
    Version:  Direct3D 11.0 [level 11.1]
    Renderer: NVIDIA GeForce GTX 1650 Ti (ID=0x1f95)
    Vendor:   NVIDIA
    VRAM:     3962 MB
    Driver:   27.21.14.5167
Initialize mono
Mono path[0] = 'D:/2022.3.16f1/Editor/Data/Managed'
Mono path[1] = 'D:/2022.3.16f1/Editor/Data/MonoBleedingEdge/lib/mono/unityjit-win32'
Mono config path = 'D:/2022.3.16f1/Editor/Data/MonoBleedingEdge/etc'
Using monoOptions --debugger-agent=transport=dt_socket,embedding=1,server=y,suspend=n,address=127.0.0.1:56100
Begin MonoManager ReloadAssembly
Registering precompiled unity dll's ...
Register platform support module: D:/2022.3.16f1/Editor/Data/PlaybackEngines/WebGLSupport/UnityEditor.WebGL.Extensions.dll
Register platform support module: D:/2022.3.16f1/Editor/Data/PlaybackEngines/WindowsStandaloneSupport/UnityEditor.WindowsStandalone.Extensions.dll
Registered in 0.006409 seconds.
- Loaded All Assemblies, in  0.570 seconds
Native extension for WindowsStandalone target not found
Native extension for WebGL target not found
Mono: successfully reloaded assembly
- Finished resetting the current domain, in  0.309 seconds
Domain Reload Profiling: 880ms
	BeginReloadAssembly (291ms)
		ExecutionOrderSort (0ms)
		DisableScriptedObjects (0ms)
		BackupInstance (0ms)
		ReleaseScriptingObjects (0ms)
		CreateAndSetChildDomain (3ms)
	RebuildCommonClasses (42ms)
	RebuildNativeTypeToScriptingClass (15ms)
	initialDomainReloadingComplete (51ms)
	LoadAllAssembliesAndSetupDomain (172ms)
		LoadAssemblies (286ms)
		RebuildTransferFunctionScriptingTraits (0ms)
		AnalyzeDomain (170ms)
			TypeCache.Refresh (167ms)
				TypeCache.ScanAssembly (149ms)
			ScanForSourceGeneratedMonoScriptInfo (0ms)
			ResolveRequiredComponents (1ms)
	FinalizeReload (310ms)
		ReleaseScriptCaches (0ms)
		RebuildScriptCaches (0ms)
		SetupLoadedEditorAssemblies (242ms)
			LogAssemblyErrors (0ms)
			InitializePlatformSupportModulesInManaged (8ms)
			SetLoadedEditorAssemblies (6ms)
			RefreshPlugins (0ms)
			BeforeProcessingInitializeOnLoad (5ms)
			ProcessInitializeOnLoadAttributes (170ms)
			ProcessInitializeOnLoadMethodAttributes (54ms)
			AfterProcessingInitializeOnLoad (0ms)
			EditorAssembliesLoaded (0ms)
		ExecutionOrderSort2 (0ms)
		AwakeInstancesAfterBackupRestoration (0ms)
========================================================================
Worker process is ready to serve import requests
Begin MonoManager ReloadAssembly
- Loaded All Assemblies, in  0.866 seconds
Refreshing native plugins compatible for Editor in 4.11 ms, found 3 plugins.
Native extension for WindowsStandalone target not found
Native extension for WebGL target not found
Package Manager log level set to [2]
[Package Manager] Server::EnsureServerProcessIsRunning -- launch failed, reason: Unity was launched with the -noUpm command-line argument
[Package Manager] UpmClient::Send -- Unable to send message (not connected to UPM process).
[Package Manager] Cannot connect to Unity Package Manager local server
Mono: successfully reloaded assembly
- Finished resetting the current domain, in  0.719 seconds
Domain Reload Profiling: 1585ms
	BeginReloadAssembly (202ms)
		ExecutionOrderSort (0ms)
		DisableScriptedObjects (7ms)
		BackupInstance (0ms)
		ReleaseScriptingObjects (0ms)
		CreateAndSetChildDomain (32ms)
	RebuildCommonClasses (43ms)
	RebuildNativeTypeToScriptingClass (19ms)
	initialDomainReloadingComplete (57ms)
	LoadAllAssembliesAndSetupDomain (543ms)
		LoadAssemblies (424ms)
		RebuildTransferFunctionScriptingTraits (0ms)
		AnalyzeDomain (236ms)
			TypeCache.Refresh (182ms)
				TypeCache.ScanAssembly (163ms)
			ScanForSourceGeneratedMonoScriptInfo (39ms)
			ResolveRequiredComponents (10ms)
	FinalizeReload (720ms)
		ReleaseScriptCaches (0ms)
		RebuildScriptCaches (0ms)
		SetupLoadedEditorAssemblies (491ms)
			LogAssemblyErrors (0ms)
			InitializePlatformSupportModulesInManaged (8ms)
			SetLoadedEditorAssemblies (4ms)
			RefreshPlugins (0ms)
			BeforeProcessingInitializeOnLoad (80ms)
			ProcessInitializeOnLoadAttributes (373ms)
			ProcessInitializeOnLoadMethodAttributes (22ms)
			AfterProcessingInitializeOnLoad (2ms)
			EditorAssembliesLoaded (0ms)
		ExecutionOrderSort2 (0ms)
		AwakeInstancesAfterBackupRestoration (6ms)
Launched and connected shader compiler UnityShaderCompiler.exe after 0.06 seconds
Refreshing native plugins compatible for Editor in 4.02 ms, found 3 plugins.
Preloading 0 native plugins for Editor in 0.00 ms.
Unloading 3239 Unused Serialized files (Serialized files now loaded: 0)
Unloading 34 unused Assets / (392.4 KB). Loaded Objects now: 3710.
Memory consumption went from 138.8 MB to 138.4 MB.
Total: 8.943700 ms (FindLiveObjects: 0.516600 ms CreateObjectMapping: 0.370600 ms MarkObjects: 6.720800 ms  DeleteObjects: 1.331200 ms)

AssetImportParameters requested are different than current active one (requested -> active):
  custom:container-demuxer-ogg: 62fdf1f143b41e24485cea50d1cbac27 -> 
  custom:video-decoder-ogg-theora: a1e56fd34408186e4bbccfd4996cb3dc -> 
  custom:framework-win-MediaFoundation: 216162199b28c13a410421893ffa2e32 -> 
  custom:CustomObjectIndexerAttribute: 43b350a4d6e6d1791af0b5038c4bea17 -> 
  custom:container-demuxer-webm: 4f35f7cbe854078d1ac9338744f61a02 -> 
  custom:container-muxer-webm: aa71ff27fc2769a1b78a27578f13a17b -> 
  custom:video-decoder-webm-vp8: 9c59270c3fd7afecdb556c50c9e8de78 -> 
  custom:SearchIndexIgnoredProperties: e643bd26f0fe6173181afceb89e7c659 -> 
  custom:AudioImporter_EditorPlatform: d09bf68614088b80899f8185d706f6e7 -> 
  custom:video-encoder-webm-vp8: eb34c28f22e8b96e1ab97ce403110664 -> 
  custom:audio-decoder-ogg-vorbis: bf7c407c2cedff20999df2af8eb42d56 -> 
  custom:audio-encoder-webm-vorbis: bf7c407c2cedff20999df2af8eb42d56 -> 
========================================================================
Received Import Request.
  Time since last request: 115723.050691 seconds.
  path: Assets/Asset Packs/Standard Assets/Cameras/Scripts/AutoCam.cs
  artifactKey: Guid(a8d3968294210ba4a9d2bb96dfa74a16) Importer(815301076,1909f56bfc062723c751e8b465ee728b)
Start importing Assets/Asset Packs/Standard Assets/Cameras/Scripts/AutoCam.cs using Guid(a8d3968294210ba4a9d2bb96dfa74a16) Importer(815301076,1909f56bfc062723c751e8b465ee728b)  -> (artifact id: '1d00a6366eb7646a47d70a499108ae96') in 0.007640 seconds
Number of updated asset objects reloaded before import = 0
Number of asset objects unloaded after import = 0
========================================================================
Received Import Request.
  Time since last request: 10.367555 seconds.
  path: Assets/Asset Packs/Low Poly Props/barrels/materials
  artifactKey: Guid(8900aa7159db1604a8a6cf27bed48971) Importer(815301076,1909f56bfc062723c751e8b465ee728b)
Start importing Assets/Asset Packs/Low Poly Props/barrels/materials using Guid(8900aa7159db1604a8a6cf27bed48971) Importer(815301076,1909f56bfc062723c751e8b465ee728b)  -> (artifact id: '28281c978248ea0e748c2f204c01c9cf') in 0.001052 seconds
Number of updated asset objects reloaded before import = 0
Number of asset objects unloaded after import = 0
========================================================================
Received Import Request.
  Time since last request: 1.141355 seconds.
  path: Assets/Asset Packs/Low Poly Props/barrels/materials/mat 1
  artifactKey: Guid(6eccfd0b965141f4bb9faaa4f1f270b9) Importer(815301076,1909f56bfc062723c751e8b465ee728b)
Start importing Assets/Asset Packs/Low Poly Props/barrels/materials/mat 1 using Guid(6eccfd0b965141f4bb9faaa4f1f270b9) Importer(815301076,1909f56bfc062723c751e8b465ee728b)  -> (artifact id: '29cf87fa35847a00ec501aec4f80c26f') in 0.002823 seconds
Number of updated asset objects reloaded before import = 0
Number of asset objects unloaded after import = 0
========================================================================
Received Import Request.
  Time since last request: 0.053909 seconds.
  path: Assets/Asset Packs/Low Poly Props/barrels/materials/mat 1/barrel_mat_1.mat
  artifactKey: Guid(54723caf6e8da404b8087f4a8c4e88c1) Importer(815301076,1909f56bfc062723c751e8b465ee728b)
Start importing Assets/Asset Packs/Low Poly Props/barrels/materials/mat 1/barrel_mat_1.mat using Guid(54723caf6e8da404b8087f4a8c4e88c1) Importer(815301076,1909f56bfc062723c751e8b465ee728b)  -> (artifact id: '90cfcb92d0ba7641685c2bd60f9191f1') in 0.292511 seconds
Number of updated asset objects reloaded before import = 0
Number of asset objects unloaded after import = 4
========================================================================
Received Import Request.
  Time since last request: 7.438331 seconds.
  path: Assets/Asset Packs/Low Poly Props/barrels/materials/mat 2/barrel_mat_2.mat
  artifactKey: Guid(59bc3fab469eaeb43b38d76749a55df1) Importer(815301076,1909f56bfc062723c751e8b465ee728b)
Start importing Assets/Asset Packs/Low Poly Props/barrels/materials/mat 2/barrel_mat_2.mat using Guid(59bc3fab469eaeb43b38d76749a55df1) Importer(815301076,1909f56bfc062723c751e8b465ee728b)  -> (artifact id: '8476462581036146f426bdcc97c5c283') in 0.056666 seconds
Number of updated asset objects reloaded before import = 0
Number of asset objects unloaded after import = 4
========================================================================
Received Import Request.
  Time since last request: 0.000019 seconds.
  path: Assets/Asset Packs/Low Poly Props/barrels/materials/mat 2/normal 2.png
  artifactKey: Guid(c1484ef48a9e6d84bb051df420983afb) Importer(815301076,1909f56bfc062723c751e8b465ee728b)
Start importing Assets/Asset Packs/Low Poly Props/barrels/materials/mat 2/normal 2.png using Guid(c1484ef48a9e6d84bb051df420983afb) Importer(815301076,1909f56bfc062723c751e8b465ee728b)  -> (artifact id: '164e50d6799b6b99c09d9d91c952cf49') in 0.063468 seconds
Number of updated asset objects reloaded before import = 0
Number of asset objects unloaded after import = 2
========================================================================
Received Import Request.
  Time since last request: 3.757178 seconds.
  path: Assets/Asset Packs/Low Poly Props/box 1/Materials/box c Diffuse 4 + AO.png
  artifactKey: Guid(2d5e81c8a46761f4589449b7cbf86f5f) Importer(815301076,1909f56bfc062723c751e8b465ee728b)
Start importing Assets/Asset Packs/Low Poly Props/box 1/Materials/box c Diffuse 4 + AO.png using Guid(2d5e81c8a46761f4589449b7cbf86f5f) Importer(815301076,1909f56bfc062723c751e8b465ee728b)  -> (artifact id: '586d938c10f7f78f19de005bc42d1449') in 0.020816 seconds
Number of updated asset objects reloaded before import = 0
Number of asset objects unloaded after import = 2
========================================================================
Received Import Request.
  Time since last request: 0.000036 seconds.
  path: Assets/Asset Packs/Low Poly Props/box 1/Materials/box c Normal.png
  artifactKey: Guid(c4c6af370b3ed344e99deebea470f14d) Importer(815301076,1909f56bfc062723c751e8b465ee728b)
Start importing Assets/Asset Packs/Low Poly Props/box 1/Materials/box c Normal.png using Guid(c4c6af370b3ed344e99deebea470f14d) Importer(815301076,1909f56bfc062723c751e8b465ee728b)  -> (artifact id: '868321e4bbd88098c9cd30f604aeafca') in 0.027415 seconds
Number of updated asset objects reloaded before import = 0
Number of asset objects unloaded after import = 2
========================================================================
Received Import Request.
  Time since last request: 0.000060 seconds.
  path: Assets/Asset Packs/Low Poly Props/box 1/Materials/box_1_mat_2.mat
  artifactKey: Guid(0009200070cb9974191520186e77cdbe) Importer(815301076,1909f56bfc062723c751e8b465ee728b)
Start importing Assets/Asset Packs/Low Poly Props/box 1/Materials/box_1_mat_2.mat using Guid(0009200070cb9974191520186e77cdbe) Importer(815301076,1909f56bfc062723c751e8b465ee728b)  -> (artifact id: '5409c6cf9bfccfed036c8978cd4f7fb1') in 0.204415 seconds
Number of updated asset objects reloaded before import = 0
Number of asset objects unloaded after import = 3
========================================================================
Received Import Request.
  Time since last request: 0.556396 seconds.
  path: Assets/Asset Packs/Low Poly Props/box 1/model/box_1.obj
  artifactKey: Guid(73fd195a784d5954d8d9cee8726b831c) Importer(815301076,1909f56bfc062723c751e8b465ee728b)
Start importing Assets/Asset Packs/Low Poly Props/box 1/model/box_1.obj using Guid(73fd195a784d5954d8d9cee8726b831c) Importer(815301076,1909f56bfc062723c751e8b465ee728b)  -> (artifact id: '6c9390c94483b91f32a60affb73a2c18') in 0.098044 seconds
Number of updated asset objects reloaded before import = 0
Number of asset objects unloaded after import = 9
========================================================================
Received Import Request.
  Time since last request: 8.154020 seconds.
  path: Assets/Asset Packs/Low Poly Props/concrete_1/Materials
  artifactKey: Guid(49e8c19ac369c764e89231cde1cfd97d) Importer(815301076,1909f56bfc062723c751e8b465ee728b)
Start importing Assets/Asset Packs/Low Poly Props/concrete_1/Materials using Guid(49e8c19ac369c764e89231cde1cfd97d) Importer(815301076,1909f56bfc062723c751e8b465ee728b)  -> (artifact id: 'bc673902586cc06ee000ead01f284de6') in 0.000713 seconds
Number of updated asset objects reloaded before import = 0
Number of asset objects unloaded after import = 0
========================================================================
Received Import Request.
  Time since last request: 0.085324 seconds.
  path: Assets/Asset Packs/Low Poly Props/concrete_1/Materials/concrete_1_mat.mat
  artifactKey: Guid(1eb7a88b99f9df04e9b3cde482c7da6c) Importer(815301076,1909f56bfc062723c751e8b465ee728b)
Start importing Assets/Asset Packs/Low Poly Props/concrete_1/Materials/concrete_1_mat.mat using Guid(1eb7a88b99f9df04e9b3cde482c7da6c) Importer(815301076,1909f56bfc062723c751e8b465ee728b)  -> (artifact id: '1ec4f216897d3d5379cdb8f5a568c0a7') in 0.043938 seconds
Number of updated asset objects reloaded before import = 0
Number of asset objects unloaded after import = 3
========================================================================
Received Import Request.
  Time since last request: 35.097181 seconds.
  path: Assets/Asset Packs/Low Poly Props/locker/material A
  artifactKey: Guid(96c13e520b2edb74eac3e9260cb6c65d) Importer(815301076,1909f56bfc062723c751e8b465ee728b)
Start importing Assets/Asset Packs/Low Poly Props/locker/material A using Guid(96c13e520b2edb74eac3e9260cb6c65d) Importer(815301076,1909f56bfc062723c751e8b465ee728b)  -> (artifact id: '4358eb4fc3099b9715ecf3579897bee1') in 0.000852 seconds
Number of updated asset objects reloaded before import = 0
Number of asset objects unloaded after import = 0
========================================================================
Received Import Request.
  Time since last request: 0.095185 seconds.
  path: Assets/Asset Packs/Low Poly Props/locker/material A/_locker_mat.mat
  artifactKey: Guid(666cc7b99ec72194ba75e2ee01b3ad32) Importer(815301076,1909f56bfc062723c751e8b465ee728b)
Start importing Assets/Asset Packs/Low Poly Props/locker/material A/_locker_mat.mat using Guid(666cc7b99ec72194ba75e2ee01b3ad32) Importer(815301076,1909f56bfc062723c751e8b465ee728b)  -> (artifact id: '3ca7343cf870cfd30fc3bdedc0ddbacc') in 0.095372 seconds
Number of updated asset objects reloaded before import = 0
Number of asset objects unloaded after import = 4
========================================================================
Received Import Request.
  Time since last request: 0.000098 seconds.
  path: Assets/Asset Packs/Low Poly Props/locker/material A/specular.png
  artifactKey: Guid(0e07b1b3a3fc56c4c830e94bc5791676) Importer(815301076,1909f56bfc062723c751e8b465ee728b)
Start importing Assets/Asset Packs/Low Poly Props/locker/material A/specular.png using Guid(0e07b1b3a3fc56c4c830e94bc5791676) Importer(815301076,1909f56bfc062723c751e8b465ee728b)  -> (artifact id: '2f6580955294673dd6700c07e6ca79c7') in 0.037279 seconds
Number of updated asset objects reloaded before import = 0
Number of asset objects unloaded after import = 2
========================================================================
Received Import Request.
  Time since last request: 4.727925 seconds.
  path: Assets/Asset Packs/Low Poly Props/wooden barrel/Materials
  artifactKey: Guid(e7cc1c5910a0f314ca8e6a3a0f07672d) Importer(815301076,1909f56bfc062723c751e8b465ee728b)
Start importing Assets/Asset Packs/Low Poly Props/wooden barrel/Materials using Guid(e7cc1c5910a0f314ca8e6a3a0f07672d) Importer(815301076,1909f56bfc062723c751e8b465ee728b)  -> (artifact id: '0a1edffbe5047f2aec85536d97ec86ae') in 0.000563 seconds
Number of updated asset objects reloaded before import = 0
Number of asset objects unloaded after import = 0
========================================================================
Received Import Request.
  Time since last request: 0.674936 seconds.
  path: Assets/Asset Packs/Low Poly Props/wooden barrel/models
  artifactKey: Guid(7ba89a07e48d84b4d8a622721894d550) Importer(815301076,1909f56bfc062723c751e8b465ee728b)
Start importing Assets/Asset Packs/Low Poly Props/wooden barrel/models using Guid(7ba89a07e48d84b4d8a622721894d550) Importer(815301076,1909f56bfc062723c751e8b465ee728b)  -> (artifact id: '26ef6d293ba040a9905c1cf3cc61746b') in 0.002598 seconds
Number of updated asset objects reloaded before import = 0
Number of asset objects unloaded after import = 0
========================================================================
Received Import Request.
  Time since last request: 0.059419 seconds.
  path: Assets/Asset Packs/Low Poly Props/wooden barrel/models/obj.obj
  artifactKey: Guid(8f066c699e11e934186ac4ee82a7c46a) Importer(815301076,1909f56bfc062723c751e8b465ee728b)
Start importing Assets/Asset Packs/Low Poly Props/wooden barrel/models/obj.obj using Guid(8f066c699e11e934186ac4ee82a7c46a) Importer(815301076,1909f56bfc062723c751e8b465ee728b)  -> (artifact id: 'df3f25276fc9c87f3f28bd3ef4301ea6') in 0.060718 seconds
Number of updated asset objects reloaded before import = 0
Number of asset objects unloaded after import = 9
